<?xml version="1.0" encoding="UTF-8"?>
<!-- Generated by org.testng.reporters.JUnitReportReporter -->
<testsuite hostname="SDF4-110-041" failures="0" tests="1" name="restassuredTest.demo3_PUT_Request" time="3.063" errors="0" timestamp="2020-05-08T16:40:47 IST" skipped="0">
  <testcase classname="restassuredTest.demo3_PUT_Request" name="testPut" time="3.063"/>
  <system-out/>
</testsuite> <!-- restassuredTest.demo3_PUT_Request -->
