<?xml version="1.0" encoding="UTF-8"?>
<!-- Generated by org.testng.reporters.JUnitReportReporter -->
<testsuite hostname="SDF4-110-041" failures="0" tests="1" name="restassuredTest.demo1_GET_Request" time="2.901" errors="0" timestamp="2020-03-27T17:39:53 IST" skipped="0">
  <testcase classname="restassuredTest.demo1_GET_Request" name="getWeatherDetails" time="2.901"/>
  <system-out/>
</testsuite> <!-- restassuredTest.demo1_GET_Request -->
