<?xml version="1.0" encoding="UTF-8"?>
<!-- Generated by org.testng.reporters.JUnitReportReporter -->
<testsuite hostname="DESKTOP-OBG5BGT" failures="0" tests="2" name="IntializeBrowser.AnnotationTest" time="0.005" errors="0" timestamp="2021-07-26T12:38:49 IST" skipped="0">
  <testcase classname="IntializeBrowser.AnnotationTest" name="testCase2" time="0.001"/>
  <system-out/>
  <testcase classname="IntializeBrowser.AnnotationTest" name="testCase1" time="0.004"/>
  <system-out/>
</testsuite> <!-- IntializeBrowser.AnnotationTest -->
