<?xml version="1.0" encoding="UTF-8"?>
<!-- Generated by org.testng.reporters.JUnitReportReporter -->
<testsuite skipped="0" hostname="SDF4-110-041" name="TrialClasses.demoTwo" tests="2" failures="0" timestamp="2020-02-24T19:46:28 IST" time="0.003" errors="0">
  <testcase name="secondTestCase" time="0.001" classname="TrialClasses.demoTwo"/>
  <testcase name="firstTestCase" time="0.002" classname="TrialClasses.demoTwo"/>
</testsuite> <!-- TrialClasses.demoTwo -->
