<?xml version="1.0" encoding="UTF-8"?>
<!-- Generated by org.testng.reporters.JUnitReportReporter -->
<testsuite hostname="SDF4-110-SHIV" failures="0" tests="2" name="IntializeBrowser.DataProviderAnnotation" time="0.017" errors="0" timestamp="23 Oct 2019 14:34:39 GMT" skipped="0">
  <testcase classname="IntializeBrowser.DataProviderAnnotation" name="getUser" time="0.003"/>
  <testcase classname="IntializeBrowser.DataProviderAnnotation" name="getUser" time="0.014"/>
</testsuite> <!-- IntializeBrowser.DataProviderAnnotation -->
