<?xml version="1.0" encoding="UTF-8"?>
<!-- Generated by org.testng.reporters.JUnitReportReporter -->
<testsuite hostname="SDF4-110-SHIV" failures="0" tests="1" name="IntializeBrowser.Annotation1" time="0.014" errors="0" timestamp="23 Oct 2019 14:31:14 GMT" skipped="0">
  <testcase classname="IntializeBrowser.Annotation1" name="getUser" time="0.014"/>
</testsuite> <!-- IntializeBrowser.Annotation1 -->
