<?xml version="1.0" encoding="UTF-8"?>
<!-- Generated by org.testng.reporters.JUnitReportReporter -->
<testsuite skipped="0" hostname="SDF4-110-041" name="IntializeBrowser.DependentTest" tests="3" failures="0" timestamp="2020-02-06T18:23:04 IST" time="0.017" errors="0">
  <testcase name="LogOut" time="0.002" classname="IntializeBrowser.DependentTest"/>
  <system-out/>
  <testcase name="OpenBrowser" time="0.013" classname="IntializeBrowser.DependentTest"/>
  <system-out/>
  <testcase name="SignIn" time="0.002" classname="IntializeBrowser.DependentTest"/>
  <system-out/>
</testsuite> <!-- IntializeBrowser.DependentTest -->
