<?xml version="1.0" encoding="UTF-8"?>
<!-- Generated by org.testng.reporters.JUnitReportReporter -->
<testsuite hostname="SDF4-110-SHIV" failures="0" tests="1" name="IntializeBrowser.FindElements" time="15.755" errors="0" timestamp="11 Sep 2019 11:50:41 GMT" skipped="0">
  <testcase classname="IntializeBrowser.FindElements" name="initBrowser" time="15.755"/>
</testsuite> <!-- IntializeBrowser.FindElements -->
