<?xml version="1.0" encoding="UTF-8"?>
<!-- Generated by org.testng.reporters.JUnitReportReporter -->
<testsuite hostname="SDF4-110-SHIV" failures="0" tests="1" name="IntializeBrowser.mouseKeyBoardEvent" time="16.432" errors="0" timestamp="11 Sep 2019 14:42:25 GMT" skipped="0">
  <testcase classname="IntializeBrowser.mouseKeyBoardEvent" name="initBrowser" time="16.432"/>
</testsuite> <!-- IntializeBrowser.mouseKeyBoardEvent -->
