<?xml version="1.0" encoding="UTF-8"?>
<!-- Generated by org.testng.reporters.JUnitReportReporter -->
<testsuite hostname="SDF4-110-SHIV" failures="0" tests="1" name="IntializeBrowser.WindowHandle_Demo" time="23.182" errors="0" timestamp="25 Oct 2019 08:21:34 GMT" skipped="0">
  <testcase classname="IntializeBrowser.WindowHandle_Demo" name="initBrowser" time="23.182"/>
</testsuite> <!-- IntializeBrowser.WindowHandle_Demo -->
