<?xml version="1.0" encoding="UTF-8"?>
<!-- Generated by org.testng.reporters.JUnitReportReporter -->
<testsuite skipped="0" hostname="SDF4-110-041" name="IntializeBrowser.AnnotationWithParameter" tests="2" failures="0" timestamp="2020-02-06T16:52:36 IST" time="4.312" errors="0">
  <testcase name="register" time="2.158" classname="IntializeBrowser.AnnotationWithParameter"/>
  <system-out/>
  <testcase name="support" time="2.154" classname="IntializeBrowser.AnnotationWithParameter"/>
  <system-out/>
</testsuite> <!-- IntializeBrowser.AnnotationWithParameter -->
