<?xml version="1.0" encoding="UTF-8"?>
<!-- Generated by org.testng.reporters.JUnitReportReporter -->
<testsuite skipped="0" hostname="SDF4-110-041" name="IntializeBrowser.dropDown" tests="1" failures="0" timestamp="2020-02-06T19:38:51 IST" time="9.150" errors="0">
  <testcase name="initBrowser" time="9.150" classname="IntializeBrowser.dropDown"/>
  <system-out/>
</testsuite> <!-- IntializeBrowser.dropDown -->
