<?xml version="1.0" encoding="UTF-8"?>
<!-- Generated by org.testng.reporters.JUnitReportReporter -->
<testsuite hostname="SDF4-110-SHIV" failures="0" tests="1" name="IntializeBrowser.NewTest" time="13.371" errors="0" timestamp="09 Oct 2019 15:09:07 GMT" skipped="0">
  <testcase classname="IntializeBrowser.NewTest" name="verifyHomepageTitle" time="13.371"/>
</testsuite> <!-- IntializeBrowser.NewTest -->
