<?xml version="1.0" encoding="UTF-8"?>
<!-- Generated by org.testng.reporters.JUnitReportReporter -->
<testsuite hostname="SDF4-110-SHIV" failures="0" tests="1" name="IntializeBrowser.linkText" time="17.105" errors="0" timestamp="11 Sep 2019 14:13:10 GMT" skipped="0">
  <testcase classname="IntializeBrowser.linkText" name="initBrowser" time="17.105"/>
</testsuite> <!-- IntializeBrowser.linkText -->
