<?xml version="1.0" encoding="UTF-8"?>
<!-- Generated by org.testng.reporters.JUnitReportReporter -->
<testsuite hostname="SDF4-110-SHIV" failures="0" tests="1" name="IntializeBrowser.Annotation" time="12.410" errors="0" timestamp="23 Oct 2019 13:53:33 GMT" skipped="0">
  <testcase classname="IntializeBrowser.Annotation" name="verifyHomepageTitle" time="12.410"/>
</testsuite> <!-- IntializeBrowser.Annotation -->
