<?xml version="1.0" encoding="UTF-8"?>
<!-- Generated by org.testng.reporters.JUnitReportReporter -->
<testsuite skipped="0" hostname="SDF4-110-041" name="IntializeBrowser.ParameterByDataprovider" tests="3" failures="0" timestamp="2020-02-05T19:46:08 IST" time="9.499" errors="0">
  <testcase name="testMethod" time="3.208" classname="IntializeBrowser.ParameterByDataprovider"/>
  <system-out/>
  <testcase name="testMethod" time="3.140" classname="IntializeBrowser.ParameterByDataprovider"/>
  <system-out/>
  <testcase name="testMethod" time="3.151" classname="IntializeBrowser.ParameterByDataprovider"/>
  <system-out/>
</testsuite> <!-- IntializeBrowser.ParameterByDataprovider -->
