<?xml version="1.0" encoding="UTF-8"?>
<!-- Generated by org.testng.reporters.JUnitReportReporter -->
<testsuite skipped="0" hostname="SDF4-110-041" name="TrialClasses.SnapDeal" tests="1" failures="0" timestamp="2020-02-24T20:18:01 IST" time="0.150" errors="0">
  <testcase name="login" time="0.150" classname="TrialClasses.SnapDeal"/>
</testsuite> <!-- TrialClasses.SnapDeal -->
