<?xml version="1.0" encoding="UTF-8"?>
<!-- Generated by org.testng.reporters.JUnitReportReporter -->
<testsuite hostname="SDF4-110-SHIV" failures="0" tests="1" name="IntializeBrowser.FindElement" time="21.640" errors="0" timestamp="11 Sep 2019 11:49:10 GMT" skipped="0">
  <testcase classname="IntializeBrowser.FindElement" name="initBrowser" time="21.640"/>
</testsuite> <!-- IntializeBrowser.FindElement -->
