<?xml version="1.0" encoding="UTF-8"?>
<!-- Generated by org.testng.reporters.JUnitReportReporter -->
<testsuite skipped="0" hostname="SDF4-110-041" name="IntializeBrowser.AlertDemo" tests="1" failures="0" timestamp="2020-02-06T19:31:56 IST" time="14.276" errors="0">
  <testcase name="initBrowser" time="14.276" classname="IntializeBrowser.AlertDemo"/>
  <system-out/>
</testsuite> <!-- IntializeBrowser.AlertDemo -->
