<?xml version="1.0" encoding="UTF-8"?>
<!-- Generated by org.testng.reporters.JUnitReportReporter -->
<testsuite skipped="0" hostname="SDF4-110-041" name="IntializeBrowser.firsttestngfile" tests="2" failures="0" timestamp="2020-02-06T16:41:32 IST" time="0.022" errors="0">
  <testcase name="verifyHomepageTitle" time="0.021" classname="IntializeBrowser.firsttestngfile"/>
  <system-out/>
  <testcase name="verifyHomepageTitle1" time="0.001" classname="IntializeBrowser.firsttestngfile"/>
  <system-out/>
</testsuite> <!-- IntializeBrowser.firsttestngfile -->
