<?xml version="1.0" encoding="UTF-8"?>
<!-- Generated by org.testng.reporters.JUnitReportReporter -->
<testsuite skipped="2" hostname="SDF4-110-041" name="IntializeBrowser.DisableAndEnableTests" tests="3" failures="0" timestamp="2020-02-06T18:32:34 IST" time="0.012" errors="0">
  <testcase name="firstTest" time="0.012" classname="IntializeBrowser.DisableAndEnableTests"/>
  <system-out/>
  <testcase name="thirdTest" classname="IntializeBrowser.DisableAndEnableTests">
    <skipped/>
  </testcase> <!-- thirdTest -->
  <system-out/>
  <testcase name="secondTest" classname="IntializeBrowser.DisableAndEnableTests">
    <skipped/>
  </testcase> <!-- secondTest -->
  <system-out/>
</testsuite> <!-- IntializeBrowser.DisableAndEnableTests -->
