<?xml version="1.0" encoding="UTF-8"?>
<!-- Generated by org.testng.reporters.JUnitReportReporter -->
<testsuite hostname="SDF4-110-SHIV" failures="0" tests="1" name="IntializeBrowser.uploadFile" time="14.198" errors="0" timestamp="13 Sep 2019 07:41:07 GMT" skipped="0">
  <testcase classname="IntializeBrowser.uploadFile" name="initBrowser" time="14.198"/>
</testsuite> <!-- IntializeBrowser.uploadFile -->
