<?xml version="1.0" encoding="UTF-8"?>
<!-- Generated by org.testng.reporters.JUnitReportReporter -->
<testsuite skipped="0" hostname="SDF4-110-041" name="IntializeBrowser.AnnotationGroup" tests="5" failures="0" timestamp="2020-02-06T18:20:06 IST" time="0.018" errors="0">
  <testcase name="Scooter2" time="0.001" classname="IntializeBrowser.AnnotationGroup"/>
  <system-out/>
  <testcase name="Scooter1" time="0.002" classname="IntializeBrowser.AnnotationGroup"/>
  <system-out/>
  <testcase name="Car1" time="0.012" classname="IntializeBrowser.AnnotationGroup"/>
  <system-out/>
  <testcase name="Car2" time="0.002" classname="IntializeBrowser.AnnotationGroup"/>
  <system-out/>
  <testcase name="Sedan1" time="0.001" classname="IntializeBrowser.AnnotationGroup"/>
  <system-out/>
</testsuite> <!-- IntializeBrowser.AnnotationGroup -->
