<?xml version="1.0" encoding="UTF-8"?>
<!-- Generated by org.testng.reporters.JUnitReportReporter -->
<testsuite hostname="SDF4-110-SHIV" failures="0" tests="1" name="IntializeBrowser.loginPage" time="16.703" errors="0" timestamp="11 Sep 2019 13:20:59 GMT" skipped="0">
  <testcase classname="IntializeBrowser.loginPage" name="initBrowser" time="16.703"/>
</testsuite> <!-- IntializeBrowser.loginPage -->
