<?xml version="1.0" encoding="UTF-8"?>
<!-- Generated by org.testng.reporters.JUnitReportReporter -->
<testsuite hostname="DESKTOP-OBG5BGT" failures="0" tests="2" name="tests.TestsExample" time="2.124" errors="0" timestamp="2021-07-01T19:13:15 IST" skipped="0">
  <testcase classname="tests.TestsExample" name="test_1" time="1.388"/>
  <system-out/>
  <testcase classname="tests.TestsExample" name="test_2" time="0.736"/>
  <system-out/>
</testsuite> <!-- tests.TestsExample -->
