<?xml version="1.0" encoding="UTF-8"?>
<!-- Generated by org.testng.reporters.JUnitReportReporter -->
<testsuite hostname="DESKTOP-OBG5BGT" failures="0" tests="1" name="demo.TestOnLocalAPI" time="1.059" errors="0" timestamp="2021-07-02T20:39:19 IST" skipped="0">
  <testcase classname="demo.TestOnLocalAPI" name="delete" time="1.059"/>
  <system-out/>
</testsuite> <!-- demo.TestOnLocalAPI -->
