<?xml version="1.0" encoding="UTF-8"?>
<!-- Generated by org.testng.reporters.JUnitReportReporter -->
<testsuite hostname="DESKTOP-OBG5BGT" failures="0" tests="3" name="tests.PutPatchDeleteExamples" time="5.710" errors="0" timestamp="2021-07-02T17:00:28 IST" skipped="0">
  <testcase classname="tests.PutPatchDeleteExamples" name="testDelete" time="3.155"/>
  <system-out/>
  <testcase classname="tests.PutPatchDeleteExamples" name="testPatch" time="1.546"/>
  <system-out/>
  <testcase classname="tests.PutPatchDeleteExamples" name="testPut" time="1.009"/>
  <system-out/>
</testsuite> <!-- tests.PutPatchDeleteExamples -->
