<?xml version="1.0" encoding="UTF-8"?>
<!-- Generated by org.testng.reporters.JUnitReportReporter -->
<testsuite hostname="DESKTOP-OBG5BGT" failures="0" tests="1" name="tests.JSONSchemaValidator" time="3.276" errors="0" timestamp="2021-07-02T21:21:17 IST" skipped="0">
  <testcase classname="tests.JSONSchemaValidator" name="testGet" time="3.276"/>
  <system-out/>
</testsuite> <!-- tests.JSONSchemaValidator -->
