<?xml version="1.0" encoding="UTF-8"?>
<!-- Generated by org.testng.reporters.JUnitReportReporter -->
<testsuite hostname="DESKTOP-OBG5BGT" failures="0" tests="2" name="tests.GetAndPostExamples" time="5.342" errors="0" timestamp="2021-07-02T16:53:19 IST" skipped="0">
  <testcase classname="tests.GetAndPostExamples" name="testGet" time="3.603"/>
  <system-out/>
  <testcase classname="tests.GetAndPostExamples" name="testPost" time="1.739"/>
  <system-out/>
</testsuite> <!-- tests.GetAndPostExamples -->
