<?xml version="1.0" encoding="UTF-8"?>
<!-- Generated by org.testng.reporters.JUnitReportReporter -->
<testsuite hostname="DESKTOP-O8LDSUN" failures="0" tests="1" name="BasePackage.BaseClass" time="30.918" errors="0" timestamp="2020-01-17T23:12:28 IST" skipped="0">
  <testcase classname="BasePackage.BaseClass" name="initBrowser" time="30.918"/>
</testsuite> <!-- BasePackage.BaseClass -->
